<?xml version="1.0" encoding="UTF-8"?>
<coverage generated="1709657651802" clover="3.2.0">
  <project timestamp="1709657651802" name="All files">
    <metrics statements="18" coveredstatements="14" conditionals="9" coveredconditionals="3" methods="1" coveredmethods="1" elements="28" coveredelements="18" complexity="0" loc="18" ncloc="18" packages="1" files="1" classes="1"/>
    <file name="CalculateComission.js" path="/workspaces/ComissionProjectCIS560-Iqbal/CalculateComission.js">
      <metrics statements="18" coveredstatements="14" conditionals="9" coveredconditionals="3" methods="1" coveredmethods="1"/>
      <line num="4" count="1" type="stmt"/>
      <line num="5" count="1" type="stmt"/>
      <line num="6" count="1" type="stmt"/>
      <line num="9" count="1" type="stmt"/>
      <line num="10" count="1" type="stmt"/>
      <line num="11" count="1" type="stmt"/>
      <line num="14" count="1" type="stmt"/>
      <line num="17" count="1" type="cond" truecount="2" falsecount="3"/>
      <line num="18" count="0" type="stmt"/>
      <line num="23" count="1" type="cond" truecount="1" falsecount="1"/>
      <line num="24" count="1" type="stmt"/>
      <line num="25" count="0" type="cond" truecount="0" falsecount="2"/>
      <line num="26" count="0" type="stmt"/>
      <line num="28" count="0" type="stmt"/>
      <line num="32" count="1" type="stmt"/>
      <line num="35" count="1" type="stmt"/>
      <line num="37" count="1" type="stmt"/>
      <line num="39" count="1" type="stmt"/>
    </file>
  </project>
</coverage>
